# JRE version: Java(TM) SE Runtime Environment (8.0_20-b26) (build 1.8.0_20-b26)
# Java VM: Java HotSpot(TM) 64-Bit Server VM (25.20-b23 mixed mode windows-amd64 compressed oops)
Heap:
 PSYoungGen      total 28160K, used 6711K [0x00000000eab00000, 0x00000000eca00000, 0x0000000100000000)
  eden space 24576K, 27% used [0x00000000eab00000,0x00000000eb18dd98,0x00000000ec300000)
  from space 3584K, 0% used [0x00000000ec300000,0x00000000ec300000,0x00000000ec680000)
  to   space 3584K, 0% used [0x00000000ec680000,0x00000000ec680000,0x00000000eca00000)
 ParOldGen       total 48640K, used 982K [0x00000000c0000000, 0x00000000c2f80000, 0x00000000eab00000)
  object space 48640K, 2% used [0x00000000c0000000,0x00000000c00f5a70,0x00000000c2f80000)
 Metaspace       used 4675K, capacity 5872K, committed 6016K, reserved 1058816K
  class space    used 499K, capacity 552K, committed 640K, reserved 1048576K
GC Heap History (4 events):
Event: 0.925 GC heap before
{Heap before GC invocations=1 (full 0):
 PSYoungGen      total 28160K, used 2978K [0x00000000eab00000, 0x00000000eca00000, 0x0000000100000000)
  eden space 24576K, 12% used [0x00000000eab00000,0x00000000eade8b60,0x00000000ec300000)
  from space 3584K, 0% used [0x00000000ec680000,0x00000000ec680000,0x00000000eca00000)
  to   space 3584K, 0% used [0x00000000ec300000,0x00000000ec300000,0x00000000ec680000)
 ParOldGen       total 64512K, used 0K [0x00000000c0000000, 0x00000000c3f00000, 0x00000000eab00000)
  object space 64512K, 0% used [0x00000000c0000000,0x00000000c0000000,0x00000000c3f00000)
 Metaspace       used 3446K, capacity 4720K, committed 4864K, reserved 1060864K
  class space    used 374K, capacity 424K, committed 512K, reserved 1048576K
Event: 0.929 GC heap after
Heap after GC invocations=1 (full 0):
 PSYoungGen      total 28160K, used 1062K [0x00000000eab00000, 0x00000000eca00000, 0x0000000100000000)
  eden space 24576K, 0% used [0x00000000eab00000,0x00000000eab00000,0x00000000ec300000)
  from space 3584K, 29% used [0x00000000ec300000,0x00000000ec4099e8,0x00000000ec680000)
  to   space 3584K, 0% used [0x00000000ec680000,0x00000000ec680000,0x00000000eca00000)
 ParOldGen       total 64512K, used 8K [0x00000000c0000000, 0x00000000c3f00000, 0x00000000eab00000)
  object space 64512K, 0% used [0x00000000c0000000,0x00000000c0002000,0x00000000c3f00000)
 Metaspace       used 3446K, capacity 4720K, committed 4864K, reserved 1060864K
  class space    used 374K, capacity 424K, committed 512K, reserved 1048576K
}
Event: 0.929 GC heap before
{Heap before GC invocations=2 (full 1):
 PSYoungGen      total 28160K, used 1062K [0x00000000eab00000, 0x00000000eca00000, 0x0000000100000000)
  eden space 24576K, 0% used [0x00000000eab00000,0x00000000eab00000,0x00000000ec300000)
  from space 3584K, 29% used [0x00000000ec300000,0x00000000ec4099e8,0x00000000ec680000)
  to   space 3584K, 0% used [0x00000000ec680000,0x00000000ec680000,0x00000000eca00000)
 ParOldGen       total 64512K, used 8K [0x00000000c0000000, 0x00000000c3f00000, 0x00000000eab00000)
  object space 64512K, 0% used [0x00000000c0000000,0x00000000c0002000,0x00000000c3f00000)
 Metaspace       used 3446K, capacity 4720K, committed 4864K, reserved 1060864K
  class space    used 374K, capacity 424K, committed 512K, reserved 1048576K
Event: 0.972 GC heap after
Heap after GC invocations=2 (full 1):
 PSYoungGen      total 28160K, used 0K [0x00000000eab00000, 0x00000000eca00000, 0x0000000100000000)
  eden space 24576K, 0% used [0x00000000eab00000,0x00000000eab00000,0x00000000ec300000)
  from space 3584K, 0% used [0x00000000ec300000,0x00000000ec300000,0x00000000ec680000)
  to   space 3584K, 0% used [0x00000000ec680000,0x00000000ec680000,0x00000000eca00000)
 ParOldGen       total 48640K, used 982K [0x00000000c0000000, 0x00000000c2f80000, 0x00000000eab00000)
  object space 48640K, 2% used [0x00000000c0000000,0x00000000c00f5a70,0x00000000c2f80000)
 Metaspace       used 3446K, capacity 4720K, committed 4864K, reserved 1058816K
  class space    used 374K, capacity 424K, committed 512K, reserved 1048576K
}

